<?xml version="1.0" encoding="UTF-8"?>
<!-- Generated by org.testng.reporters.JUnitXMLReporter -->
<testsuite ignored="0" hostname="DESKTOP-MP5P5GA" failures="1" tests="9" name="ChromeTest" time="148.975" errors="0" timestamp="2022-04-30T23:42:41 GMT-07:00">
  <testcase classname="com.automationpractice.www.testscripts.Test_scenario_5" name="scenario5" time="8.197"/>
  <testcase classname="com.automationpractice.www.testscripts.Test_scenario_4" name="scenario_4" time="4.575"/>
  <testcase classname="com.automationpractice.www.testscripts.Test_scenario_3" name="scenario_3" time="10.771"/>
  <testcase classname="com.automationpractice.www.testscripts.Test_scenario_2" name="scenario2" time="6.856"/>
  <testcase classname="com.automationpractice.www.testscripts.Test_scenario_2" name="scenario2_1" time="5.358"/>
  <testcase classname="com.automationpractice.www.testscripts.Test_scenario_1" name="scenario1" time="8.017"/>
  <testcase classname="com.automationpractice.www.testscripts.Test_scenario_8" name="scenario8" time="4.763">
    <failure type="org.openqa.selenium.JavascriptException" message="javascript error: arguments[0].scrollIntoview is not a function
  (Session info: chrome=100.0.4896.127)
Build info: version: &amp;apos;4.1.2&amp;apos;, revision: &amp;apos;9a5a329c5a&amp;apos;
System info: host: &amp;apos;DESKTOP-MP5P5GA&amp;apos;, ip: &amp;apos;192.168.1.65&amp;apos;, os.name: &amp;apos;Windows 10&amp;apos;, os.arch: &amp;apos;amd64&amp;apos;, os.version: &amp;apos;10.0&amp;apos;, java.version: &amp;apos;17.0.1&amp;apos;
Driver info: org.openqa.selenium.chrome.ChromeDriver
Command: [4f3ecb5fa50303c6182a0f303868187d, executeScript {script=arguments[0].scrollIntoview();, args=[{ELEMENT=4656c3ed-daa5-47f3-b3de-0587f66094ca, element-6066-11e4-a52e-4f735466cecf=4656c3ed-daa5-47f3-b3de-0587f66094ca}]}]
Capabilities {acceptInsecureCerts: false, browserName: chrome, browserVersion: 100.0.4896.127, chrome: {chromedriverVersion: 99.0.4844.51 (d537ec02474b5..., userDataDir: C:\Users\WELCOME\AppData\Lo...}, goog:chromeOptions: {debuggerAddress: localhost:4097}, javascriptEnabled: true, networkConnectionEnabled: false, pageLoadStrategy: normal, platform: WINDOWS, platformName: WINDOWS, proxy: Proxy(), se:cdp: ws://localhost:4097/devtool..., se:cdpVersion: 100.0.4896.127, setWindowRect: true, strictFileInteractability: false, timeouts: {implicit: 0, pageLoad: 300000, script: 30000}, unhandledPromptBehavior: dismiss and notify, webauthn:extension:credBlob: true, webauthn:extension:largeBlob: true, webauthn:virtualAuthenticators: true}
Session ID: 4f3ecb5fa50303c6182a0f303868187d">
      <![CDATA[org.openqa.selenium.JavascriptException: javascript error: arguments[0].scrollIntoview is not a function
  (Session info: chrome=100.0.4896.127)
Build info: version: '4.1.2', revision: '9a5a329c5a'
System info: host: 'DESKTOP-MP5P5GA', ip: '192.168.1.65', os.name: 'Windows 10', os.arch: 'amd64', os.version: '10.0', java.version: '17.0.1'
Driver info: org.openqa.selenium.chrome.ChromeDriver
Command: [4f3ecb5fa50303c6182a0f303868187d, executeScript {script=arguments[0].scrollIntoview();, args=[{ELEMENT=4656c3ed-daa5-47f3-b3de-0587f66094ca, element-6066-11e4-a52e-4f735466cecf=4656c3ed-daa5-47f3-b3de-0587f66094ca}]}]
Capabilities {acceptInsecureCerts: false, browserName: chrome, browserVersion: 100.0.4896.127, chrome: {chromedriverVersion: 99.0.4844.51 (d537ec02474b5..., userDataDir: C:\Users\WELCOME\AppData\Lo...}, goog:chromeOptions: {debuggerAddress: localhost:4097}, javascriptEnabled: true, networkConnectionEnabled: false, pageLoadStrategy: normal, platform: WINDOWS, platformName: WINDOWS, proxy: Proxy(), se:cdp: ws://localhost:4097/devtool..., se:cdpVersion: 100.0.4896.127, setWindowRect: true, strictFileInteractability: false, timeouts: {implicit: 0, pageLoad: 300000, script: 30000}, unhandledPromptBehavior: dismiss and notify, webauthn:extension:credBlob: true, webauthn:extension:largeBlob: true, webauthn:virtualAuthenticators: true}
Session ID: 4f3ecb5fa50303c6182a0f303868187d
at org.openqa.selenium.remote.codec.w3c.W3CHttpResponseCodec.createException(W3CHttpResponseCodec.java:200)
at org.openqa.selenium.remote.codec.w3c.W3CHttpResponseCodec.decode(W3CHttpResponseCodec.java:133)
at org.openqa.selenium.remote.codec.w3c.W3CHttpResponseCodec.decode(W3CHttpResponseCodec.java:53)
at org.openqa.selenium.remote.HttpCommandExecutor.execute(HttpCommandExecutor.java:184)
at org.openqa.selenium.remote.service.DriverCommandExecutor.invokeExecute(DriverCommandExecutor.java:167)
at org.openqa.selenium.remote.service.DriverCommandExecutor.execute(DriverCommandExecutor.java:142)
at org.openqa.selenium.remote.RemoteWebDriver.execute(RemoteWebDriver.java:558)
at org.openqa.selenium.remote.RemoteWebDriver.executeScript(RemoteWebDriver.java:492)
at com.automationpractice.www.pages.Placing_order.purchase_prod(Placing_order.java:85)
at com.automationpractice.www.testscripts.Test_scenario_8.scenario8(Test_scenario_8.java:26)
at java.base/java.util.ArrayList.forEach(ArrayList.java:1511)
... Removed 32 stack frames]]>
    </failure>
  </testcase> <!-- scenario8 -->
  <testcase classname="com.automationpractice.www.testscripts.Test_scenario_7" name="scenario7" time="10.212"/>
  <testcase classname="com.automationpractice.www.testscripts.Test_scenario_6" name="scenario6" time="11.949"/>
</testsuite> <!-- ChromeTest -->
